   120.3ms (setup:1108): 2026-06-18 16:20:08
   120.4ms (setup:1109): /home/ubuntu/core/venv/lib/python3.12/site-packages/pipx/__main__.py install invoke==2.2.0
   120.5ms (setup:1110): pipx version is 1.7.1
   120.5ms (setup:1111): Default python interpreter is '/usr/bin/python3.12'
   121.1ms (package_name_from_spec:378): Determined package name: invoke
   121.2ms (package_name_from_spec:379): Package name determined in 0.0s
   121.4ms (create_venv:164): Creating virtual environment
   121.8ms (run_subprocess:175): running /usr/bin/python3.12 -m venv --without-pip /home/ubuntu/.local/share/pipx/venvs/invoke
   181.0ms (run_subprocess:195): stdout:
   181.1ms (run_subprocess:197): stderr:
   181.1ms (run_subprocess:198): returncode: 0
   182.2ms (run_subprocess:175): running /usr/bin/python3.12 -m venv --clear /home/ubuntu/.local/share/pipx/shared
  4220.5ms (run_subprocess:195): stdout:
  4220.6ms (run_subprocess:197): stderr:
  4220.6ms (run_subprocess:198): returncode: 0
  4221.3ms (run_subprocess:175): running <checking pip's availability>
  4243.5ms (run_subprocess:195): stdout: ModuleSpec(name='pip', loader=<_frozen_importlib_external.SourceFileLoader object at 0x7e651d7ffe90>, origin='/home/ubuntu/.local/share/pipx/shared/lib/python3.12/site-packages/pip/__init__.py', submodule_search_locations=['/home/ubuntu/.local/share/pipx/shared/lib/python3.12/site-packages/pip'])
  4243.6ms (run_subprocess:198): returncode: 0
  4244.0ms (upgrade:119): Upgrading shared libraries in /home/ubuntu/.local/share/pipx/shared
  4244.7ms (run_subprocess:175): running /home/ubuntu/.local/share/pipx/shared/bin/python -m pip --no-input --disable-pip-version-check install --force-reinstall -q --upgrade pip >= 23.1
  6288.4ms (run_subprocess:195): stdout:
  6288.5ms (run_subprocess:197): stderr:
  6288.5ms (run_subprocess:198): returncode: 0
  6289.0ms (run_subprocess:175): running /home/ubuntu/.local/share/pipx/venvs/invoke/bin/python -c import sysconfig; print(sysconfig.get_path('purelib'))
  6311.4ms (run_subprocess:195): stdout: /home/ubuntu/.local/share/pipx/venvs/invoke/lib/python3.12/site-packages
  6311.5ms (run_subprocess:198): returncode: 0
  6311.9ms (run_subprocess:175): running /home/ubuntu/.local/share/pipx/shared/bin/python -c import sysconfig; print(sysconfig.get_path('purelib'))
  6337.1ms (run_subprocess:195): stdout: /home/ubuntu/.local/share/pipx/shared/lib/python3.12/site-packages
  6337.2ms (run_subprocess:198): returncode: 0
  6337.7ms (run_subprocess:175): running /home/ubuntu/.local/share/pipx/venvs/invoke/bin/python --version
  6339.4ms (run_subprocess:195): stdout: Python 3.12.3
  6339.5ms (run_subprocess:197): stderr:
  6339.5ms (run_subprocess:198): returncode: 0
  6339.7ms (_parsed_package_to_package_or_url:139): cleaned package spec: invoke==2.2.0
  6339.8ms (install_package:247): Installing invoke from spec 'invoke==2.2.0'
  6340.2ms (run_subprocess:175): running /home/ubuntu/.local/share/pipx/venvs/invoke/bin/python -m pip --no-input install invoke==2.2.0
  7231.2ms (run_subprocess:198): returncode: 0
  7231.8ms (run_subprocess:175): running <fetch_info_in_venv commands>
  7260.7ms (run_subprocess:195): stdout: {"sys_path": ["/usr/lib/python312.zip", "/usr/lib/python3.12", "/usr/lib/python3.12/lib-dynload", "/home/ubuntu/.local/share/pipx/venvs/invoke/lib/python3.12/site-packages", "/home/ubuntu/.local/share/pipx/shared/lib/python3.12/site-packages"], "python_version": "3.12.3", "environment": {"implementation_name": "cpython", "implementation_version": "3.12.3", "os_name": "posix", "platform_machine": "x86_64", "platform_release": "6.17.0-1017-aws", "platform_system": "Linux", "platform_version": "#17~24.04.1-Ubuntu SMP Tue May 26 21:30:32 UTC 2026", "python_full_version": "3.12.3", "platform_python_implementation": "CPython", "python_version": "3.12", "sys_platform": "linux"}}
  7260.8ms (run_subprocess:198): returncode: 0
  7266.1ms (get_venv_metadata_for_package:351): get_venv_metadata_for_package: 34ms
  7266.2ms (_parsed_package_to_package_or_url:139): cleaned package spec: invoke==2.2.0
  7267.1ms (_symlink_package_resource:168): ⚠️  Note: inv was already on your PATH at /usr/bin/inv
  7267.6ms (_symlink_package_resource:168): ⚠️  Note: invoke was already on your PATH at /usr/bin/invoke
  7269.5ms (warn_if_not_on_path:474): ⚠️  Note: '/home/ubuntu/.local/bin' is not on your PATH environment variable. These apps
    will not be globally accessible until your PATH is updated. Run `pipx ensurepath` to
    automatically add it, or manually modify your PATH in your shell's config file (e.g.
    ~/.bashrc).
  7269.7ms (cli:1187): pipx finished.
