   122.1ms (setup:1108): 2026-06-18 16:20:15
   122.4ms (setup:1109): /home/ubuntu/core/venv/lib/python3.12/site-packages/pipx/__main__.py install poetry==1.2.1
   122.5ms (setup:1110): pipx version is 1.7.1
   122.5ms (setup:1111): Default python interpreter is '/usr/bin/python3.12'
   123.2ms (package_name_from_spec:378): Determined package name: poetry
   123.2ms (package_name_from_spec:379): Package name determined in 0.0s
   125.1ms (create_venv:164): Creating virtual environment
   125.7ms (run_subprocess:175): running /usr/bin/python3.12 -m venv --without-pip /home/ubuntu/.local/share/pipx/venvs/poetry
   184.4ms (run_subprocess:195): stdout:
   184.5ms (run_subprocess:197): stderr:
   184.5ms (run_subprocess:198): returncode: 0
   185.1ms (run_subprocess:175): running <checking pip's availability>
   206.6ms (run_subprocess:195): stdout: ModuleSpec(name='pip', loader=<_frozen_importlib_external.SourceFileLoader object at 0x7c70b1503ec0>, origin='/home/ubuntu/.local/share/pipx/shared/lib/python3.12/site-packages/pip/__init__.py', submodule_search_locations=['/home/ubuntu/.local/share/pipx/shared/lib/python3.12/site-packages/pip'])
   206.7ms (run_subprocess:198): returncode: 0
   207.0ms (run_subprocess:175): running /home/ubuntu/.local/share/pipx/venvs/poetry/bin/python -c import sysconfig; print(sysconfig.get_path('purelib'))
   229.6ms (run_subprocess:195): stdout: /home/ubuntu/.local/share/pipx/venvs/poetry/lib/python3.12/site-packages
   229.6ms (run_subprocess:198): returncode: 0
   230.1ms (run_subprocess:175): running /home/ubuntu/.local/share/pipx/shared/bin/python -c import sysconfig; print(sysconfig.get_path('purelib'))
   252.6ms (run_subprocess:195): stdout: /home/ubuntu/.local/share/pipx/shared/lib/python3.12/site-packages
   252.7ms (run_subprocess:198): returncode: 0
   253.3ms (run_subprocess:175): running /home/ubuntu/.local/share/pipx/venvs/poetry/bin/python --version
   254.9ms (run_subprocess:195): stdout: Python 3.12.3
   255.0ms (run_subprocess:197): stderr:
   255.0ms (run_subprocess:198): returncode: 0
   255.3ms (_parsed_package_to_package_or_url:139): cleaned package spec: poetry==1.2.1
   255.3ms (install_package:247): Installing poetry from spec 'poetry==1.2.1'
   255.7ms (run_subprocess:175): running /home/ubuntu/.local/share/pipx/venvs/poetry/bin/python -m pip --no-input install poetry==1.2.1
 12087.9ms (run_subprocess:198): returncode: 0
 12088.5ms (run_subprocess:175): running <fetch_info_in_venv commands>
 12116.1ms (run_subprocess:195): stdout: {"sys_path": ["/usr/lib/python312.zip", "/usr/lib/python3.12", "/usr/lib/python3.12/lib-dynload", "/home/ubuntu/.local/share/pipx/venvs/poetry/lib/python3.12/site-packages", "/home/ubuntu/.local/share/pipx/shared/lib/python3.12/site-packages"], "python_version": "3.12.3", "environment": {"implementation_name": "cpython", "implementation_version": "3.12.3", "os_name": "posix", "platform_machine": "x86_64", "platform_release": "6.17.0-1017-aws", "platform_system": "Linux", "platform_version": "#17~24.04.1-Ubuntu SMP Tue May 26 21:30:32 UTC 2026", "python_full_version": "3.12.3", "platform_python_implementation": "CPython", "python_version": "3.12", "sys_platform": "linux"}}
 12116.1ms (run_subprocess:198): returncode: 0
 12517.2ms (get_venv_metadata_for_package:351): get_venv_metadata_for_package: 429ms
 12517.4ms (_parsed_package_to_package_or_url:139): cleaned package spec: poetry==1.2.1
 12520.3ms (warn_if_not_on_path:474): ⚠️  Note: '/home/ubuntu/.local/bin' is not on your PATH environment variable. These apps
    will not be globally accessible until your PATH is updated. Run `pipx ensurepath` to
    automatically add it, or manually modify your PATH in your shell's config file (e.g.
    ~/.bashrc).
 12520.5ms (cli:1187): pipx finished.
